Compiling build :dev to "main.js" from ["src"]...
[32mSuccessfully compiled build :dev to "main.js" in 0.335 seconds.[0m
notifying browser that file changed:  out/goog/deps.js
notifying browser that file changed:  out/cljs_deps.js
notifying browser that file changed:  out/workout_tracker/core.js
Compiling build :dev to "main.js" from ["src"]...
[32mSuccessfully compiled build :dev to "main.js" in 0.39 seconds.[0m
notifying browser that file changed:  out/workout_tracker/core.js
Compiling build :dev to "main.js" from ["src"]...
[32mSuccessfully compiled build :dev to "main.js" in 0.289 seconds.[0m
notifying browser that file changed:  out/workout_tracker/core.js
Compiling build :dev to "main.js" from ["src"]...
[32mSuccessfully compiled build :dev to "main.js" in 0.298 seconds.[0m
notifying browser that file changed:  out/workout_tracker/core.js
Compiling build :dev to "main.js" from ["src"]...
[32mSuccessfully compiled build :dev to "main.js" in 0.291 seconds.[0m
notifying browser that file changed:  out/workout_tracker/core.js
Compiling build :dev to "main.js" from ["src"]...
[32mSuccessfully compiled build :dev to "main.js" in 0.275 seconds.[0m
notifying browser that file changed:  out/workout_tracker/core.js
Compiling build :dev to "main.js" from ["src"]...
[32mSuccessfully compiled build :dev to "main.js" in 0.284 seconds.[0m
notifying browser that file changed:  out/workout_tracker/core.js
Compiling build :dev to "main.js" from ["src"]...
[32mSuccessfully compiled build :dev to "main.js" in 0.285 seconds.[0m
notifying browser that file changed:  out/workout_tracker/core.js
Compiling build :dev to "main.js" from ["src"]...
[32mSuccessfully compiled build :dev to "main.js" in 0.294 seconds.[0m
notifying browser that file changed:  out/workout_tracker/core.js
Compiling build :dev to "main.js" from ["src"]...
[32mSuccessfully compiled build :dev to "main.js" in 0.264 seconds.[0m
notifying browser that file changed:  out/workout_tracker/core.js
Compiling build :dev to "main.js" from ["src"]...
[36m----  Compiler Warning on   src/workout_tracker/core.cljs   line:18  column:22  ----[0m

  [1mUse of undeclared Var workout-tracker.core/element[0m

  [36m15[0m  [36m(defn listen! [elements event-type listener][0m
  [36m16[0m  [36m  "Call `listener` on event of `event-type` on `element`.[0m
  [36m17[0m  [36m   `event-type` should be a keyword."[0m
  [33m18[0m  [1m  (.addEventListener element (name event-type) listener))[0m
  [0m  [0m  [33m                     ^--- Use of undeclared Var workout-tracker.core/element[0m

[36m----  Compiler Warning : Please see src/workout_tracker/core.cljs  ----[0m
[32mSuccessfully compiled build :dev to "main.js" in 0.324 seconds.[0m
notifying browser that file changed:  out/workout_tracker/core.js
Compiling build :dev to "main.js" from ["src"]...
[36m----  Compiler Warning on   src/workout_tracker/core.cljs   line:18  column:22  ----[0m

  [1mUse of undeclared Var workout-tracker.core/element[0m

  [36m15[0m  [36m(defn listen! [elements event-type listener][0m
  [36m16[0m  [36m  "Call `listener` on event of `event-type` on `element`.[0m
  [36m17[0m  [36m   `event-type` should be a keyword."[0m
  [33m18[0m  [1m  (.addEventListener element (name event-type) listener))[0m
  [0m  [0m  [33m                     ^--- Use of undeclared Var workout-tracker.core/element[0m
  [36m19[0m  [36m[0m
  [36m20[0m  [36m(defn toggle-modal [][0m
  [36m21[0m  [36m  (let [modal (by-selector ".modal")][0m
  [36m22[0m  [36m    (toggle-class modal "is-active")))[0m

[36m----  Compiler Warning : Please see src/workout_tracker/core.cljs  ----[0m
[32mSuccessfully compiled build :dev to "main.js" in 0.331 seconds.[0m
notifying browser that file changed:  out/workout_tracker/core.js
Compiling build :dev to "main.js" from ["src"]...
[32mSuccessfully compiled build :dev to "main.js" in 0.289 seconds.[0m
notifying browser that file changed:  out/workout_tracker/core.js
Compiling build :dev to "main.js" from ["src"]...
[32mSuccessfully compiled build :dev to "main.js" in 0.289 seconds.[0m
notifying browser that file changed:  out/workout_tracker/core.js
Compiling build :dev to "main.js" from ["src"]...
[32mSuccessfully compiled build :dev to "main.js" in 0.295 seconds.[0m
notifying browser that file changed:  out/workout_tracker/core.js
Compiling build :dev to "main.js" from ["src"]...
[36m----  Compiler Warning on   src/workout_tracker/core.cljs   line:31  column:5  ----[0m

  [1mUse of undeclared Var workout-tracker.core/by-selecor[0m

  [36m27[0m  [36m  (doseq [element elements] (listen! element event-type listener)))[0m
  [36m28[0m  [36m[0m
  [36m29[0m  [36m(def modal-togglers[0m
  [36m30[0m  [36m  [(by-selector ".open-modal")[0m
  [33m31[0m  [1m   (by-selecor ".modal-content button.cancel")[0m
  [0m  [0m  [33m    ^--- Use of undeclared Var workout-tracker.core/by-selecor[0m
  [36m32[0m  [36m   (by-selector ".modal-close")])[0m

[36m----  Compiler Warning : Please see src/workout_tracker/core.cljs  ----[0m
[32mSuccessfully compiled build :dev to "main.js" in 0.303 seconds.[0m
notifying browser that file changed:  out/workout_tracker/core.js
Compiling build :dev to "main.js" from ["src"]...
[36m----  Compiler Warning on   src/workout_tracker/core.cljs   line:31  column:5  ----[0m

  [1mUse of undeclared Var workout-tracker.core/by-selecor[0m

  [36m27[0m  [36m  (doseq [element elements] (listen! element event-type listener)))[0m
  [36m28[0m  [36m[0m
  [36m29[0m  [36m(def modal-togglers[0m
  [36m30[0m  [36m  [(by-selector ".open-modal")[0m
  [33m31[0m  [1m   (by-selecor ".modal-content button.cancel")[0m
  [0m  [0m  [33m    ^--- Use of undeclared Var workout-tracker.core/by-selecor[0m
  [36m32[0m  [36m   (by-selector ".modal-close")])[0m
  [36m33[0m  [36m[0m
  [36m34[0m  [36m(listen-all! [modal-togglers toggle-modal])[0m

[36m----  Compiler Warning : Please see src/workout_tracker/core.cljs  ----[0m
[36m----  Compiler Warning on   src/workout_tracker/core.cljs   line:34  column:1  ----[0m

  [1mWrong number of args (1) passed to workout-tracker.core/listen-all![0m

  [36m30[0m  [36m  [(by-selector ".open-modal")[0m
  [36m31[0m  [36m   (by-selecor ".modal-content button.cancel")[0m
  [36m32[0m  [36m   (by-selector ".modal-close")])[0m
  [36m33[0m  [36m[0m
  [33m34[0m  [1m(listen-all! [modal-togglers toggle-modal])[0m
  [0m  [0m  [33m^--- Wrong number of args (1) passed to workout-tracker.core/listen-all![0m

[36m----  Compiler Warning : Please see src/workout_tracker/core.cljs  ----[0m
[32mSuccessfully compiled build :dev to "main.js" in 0.298 seconds.[0m
notifying browser that file changed:  out/workout_tracker/core.js
Compiling build :dev to "main.js" from ["src"]...
[36m----  Compiler Warning on   src/workout_tracker/core.cljs   line:34  column:1  ----[0m

  [1mWrong number of args (1) passed to workout-tracker.core/listen-all![0m

  [36m30[0m  [36m  [(by-selector ".open-modal")[0m
  [36m31[0m  [36m   (by-selector ".modal-content button.cancel")[0m
  [36m32[0m  [36m   (by-selector ".modal-close")])[0m
  [36m33[0m  [36m[0m
  [33m34[0m  [1m(listen-all! [modal-togglers toggle-modal])[0m
  [0m  [0m  [33m^--- Wrong number of args (1) passed to workout-tracker.core/listen-all![0m

[36m----  Compiler Warning : Please see src/workout_tracker/core.cljs  ----[0m
[32mSuccessfully compiled build :dev to "main.js" in 0.311 seconds.[0m
notifying browser that file changed:  out/workout_tracker/core.js
Compiling build :dev to "main.js" from ["src"]...
[32mSuccessfully compiled build :dev to "main.js" in 0.285 seconds.[0m
notifying browser that file changed:  out/workout_tracker/core.js
Compiling build :dev to "main.js" from ["src"]...
[31mFailed to compile build :dev from ["src"] in 0.179 seconds.[0m
[36m----  Exception    ----[0m

  [1mAssert failed: file:/home/default/dev/clojurescript-first/examples/workout_tracker/src/workout_tracker/utils/dom.cljs does not provide a namespace
(first provides)[0m

[36m----  Exception Stack Trace  ----[0m

java.lang.AssertionError: Assert failed: file:/home/default/dev/clojurescript-first/examples/workout_tracker/src/workout_tracker/utils/dom.cljs does not provide a namespace
(first provides)
 at cljs.closure$javascript_file.invokeStatic (closure.clj:475)
    cljs.closure$javascript_file.invoke (closure.clj:471)
    cljs.closure$map__GT_javascript_file.invokeStatic (closure.clj:480)
    cljs.closure$map__GT_javascript_file.invoke (closure.clj:478)
    cljs.closure$compiled_file.invokeStatic (closure.clj:547)
    cljs.closure$compiled_file.invoke (closure.clj:539)
    cljs.closure$compile_file.invokeStatic (closure.clj:573)
    cljs.closure$compile_file.invoke (closure.clj:564)
    cljs.closure$fn__5124.invokeStatic (closure.clj:653)
    cljs.closure/fn (closure.clj:647)
    cljs.closure$fn__5052$G__5045__5059.invoke (closure.clj:521)
    cljs.closure$compile_sources$iter__5250__5254$fn__5255.invoke (closure.clj:1011)
    clojure.lang.LazySeq.sval (LazySeq.java:40)
    clojure.lang.LazySeq.seq (LazySeq.java:49)
    clojure.lang.Cons.next (Cons.java:39)
    clojure.lang.RT.next (RT.java:706)
    clojure.core$next__5108.invokeStatic (core.clj:64)
    clojure.core$dorun.invokeStatic (core.clj:3134)
    clojure.core$doall.invokeStatic (core.clj:3140)
    clojure.core$doall.invoke (core.clj:3140)
    cljs.closure$compile_sources.invokeStatic (closure.clj:1007)
    cljs.closure$compile_sources.invoke (closure.clj:996)
    cljs.closure$build.invokeStatic (closure.clj:2817)
    cljs.closure$build.invoke (closure.clj:2718)
    cljs.build.api$build.invokeStatic (api.clj:208)
    cljs.build.api$build.invoke (api.clj:189)
    figwheel_sidecar.components.cljs_autobuild$cljs_build.invokeStatic (cljs_autobuild.clj:28)
    figwheel_sidecar.components.cljs_autobuild$cljs_build.invoke (cljs_autobuild.clj:27)
    figwheel_sidecar.build_middleware.injection$hook$fn__20595.invoke (injection.clj:88)
    figwheel_sidecar.components.cljs_autobuild$notify_command_hook$fn__20917.invoke (cljs_autobuild.clj:69)
    figwheel_sidecar.components.cljs_autobuild$figwheel_start_and_end_messages$fn__20907.invoke (cljs_autobuild.clj:48)
    figwheel_sidecar.build_middleware.notifications$hook$fn__20776.invoke (notifications.clj:179)
    figwheel_sidecar.build_middleware.clj_reloading$hook$fn__20833.invoke (clj_reloading.clj:111)
    figwheel_sidecar.build_middleware.javascript_reloading$hook$fn__20866.invoke (javascript_reloading.clj:48)
    figwheel_sidecar.components.cljs_autobuild$color_output$fn__20921.invoke (cljs_autobuild.clj:80)
    figwheel_sidecar.components.cljs_autobuild$execute_build$fn__20963.invoke (cljs_autobuild.clj:234)
    figwheel_sidecar.utils$sync_exec$fn__371$fn__372.invoke (utils.clj:13)
    figwheel_sidecar.utils$sync_exec$fn__371.invoke (utils.clj:12)
    clojure.core$binding_conveyor_fn$fn__5476.invoke (core.clj:2025)
    clojure.lang.AFn.applyToHelper (AFn.java:154)
    clojure.lang.RestFn.applyTo (RestFn.java:132)
    clojure.lang.Agent$Action.doRun (Agent.java:114)
    clojure.lang.Agent$Action.run (Agent.java:163)
    java.util.concurrent.ThreadPoolExecutor.runWorker (ThreadPoolExecutor.java:1149)
    java.util.concurrent.ThreadPoolExecutor$Worker.run (ThreadPoolExecutor.java:624)
    java.lang.Thread.run (Thread.java:748)

Compiling build :dev to "main.js" from ["src"]...
[32mSuccessfully compiled build :dev to "main.js" in 0.299 seconds.[0m
notifying browser that file changed:  out/cljs_deps.js
notifying browser that file changed:  out/workout_tracker/core.js
Compiling build :dev to "main.js" from ["src"]...
[36m----  Compiler Warning on   src/workout_tracker/core.cljs   line:4  column:16  ----[0m

  [1mUse of undeclared Var workout-tracker.core/by-selector[0m

  [36m1[0m  [36m(ns workout-tracker.core)[0m
  [36m2[0m  [36m[0m
  [36m3[0m  [36m(defn toggle-modal [][0m
  [33m4[0m  [1m  (let [modal (by-selector ".modal")][0m
  [0m [0m  [33m               ^--- Use of undeclared Var workout-tracker.core/by-selector[0m
  [36m5[0m  [36m    (toggle-class! modal "is-active")))[0m
  [36m6[0m  [36m[0m
  [36m7[0m  [36m(def modal-togglers[0m
  [36m8[0m  [36m  [(by-selector ".open-modal")[0m
  [36m9[0m  [36m   (by-selector ".modal-content button.cancel")[0m

[36m----  Compiler Warning : Please see src/workout_tracker/core.cljs  ----[0m
[36m----  Compiler Warning on   src/workout_tracker/core.cljs   line:5  column:6  ----[0m

  [1mUse of undeclared Var workout-tracker.core/toggle-class![0m

  [36m 1[0m  [36m(ns workout-tracker.core)[0m
  [36m 2[0m  [36m[0m
  [36m 3[0m  [36m(defn toggle-modal [][0m
  [36m 4[0m  [36m  (let [modal (by-selector ".modal")][0m
  [33m 5[0m  [1m    (toggle-class! modal "is-active")))[0m
  [0m  [0m  [33m     ^--- Use of undeclared Var workout-tracker.core/toggle-class![0m
  [36m 6[0m  [36m[0m
  [36m 7[0m  [36m(def modal-togglers[0m
  [36m 8[0m  [36m  [(by-selector ".open-modal")[0m
  [36m 9[0m  [36m   (by-selector ".modal-content button.cancel")[0m
  [36m10[0m  [36m   (by-selector ".modal-close")])[0m

[36m----  Compiler Warning : Please see src/workout_tracker/core.cljs  ----[0m
[36m----  Compiler Warning on   src/workout_tracker/core.cljs   line:8  column:5  ----[0m

  [1mUse of undeclared Var workout-tracker.core/by-selector[0m

  [36m 4[0m  [36m  (let [modal (by-selector ".modal")][0m
  [36m 5[0m  [36m    (toggle-class! modal "is-active")))[0m
  [36m 6[0m  [36m[0m
  [36m 7[0m  [36m(def modal-togglers[0m
  [33m 8[0m  [1m  [(by-selector ".open-modal")[0m
  [0m  [0m  [33m    ^--- Use of undeclared Var workout-tracker.core/by-selector[0m
  [36m 9[0m  [36m   (by-selector ".modal-content button.cancel")[0m
  [36m10[0m  [36m   (by-selector ".modal-close")])[0m
  [36m11[0m  [36m[0m
  [36m12[0m  [36m(listen-all! modal-togglers :click toggle-modal)[0m

[36m----  Compiler Warning : Please see src/workout_tracker/core.cljs  ----[0m
[36m----  Compiler Warning on   src/workout_tracker/core.cljs   line:9  column:5  ----[0m

  [1mUse of undeclared Var workout-tracker.core/by-selector[0m

  [36m 5[0m  [36m    (toggle-class! modal "is-active")))[0m
  [36m 6[0m  [36m[0m
  [36m 7[0m  [36m(def modal-togglers[0m
  [36m 8[0m  [36m  [(by-selector ".open-modal")[0m
  [33m 9[0m  [1m   (by-selector ".modal-content button.cancel")[0m
  [0m  [0m  [33m    ^--- Use of undeclared Var workout-tracker.core/by-selector[0m
  [36m10[0m  [36m   (by-selector ".modal-close")])[0m
  [36m11[0m  [36m[0m
  [36m12[0m  [36m(listen-all! modal-togglers :click toggle-modal)[0m

[36m----  Compiler Warning : Please see src/workout_tracker/core.cljs  ----[0m
[36m----  Compiler Warning on   src/workout_tracker/core.cljs   line:10  column:5  ----[0m

  [1mUse of undeclared Var workout-tracker.core/by-selector[0m

  [36m 7[0m  [36m(def modal-togglers[0m
  [36m 8[0m  [36m  [(by-selector ".open-modal")[0m
  [36m 9[0m  [36m   (by-selector ".modal-content button.cancel")[0m
  [33m10[0m  [1m   (by-selector ".modal-close")])[0m
  [0m  [0m  [33m    ^--- Use of undeclared Var workout-tracker.core/by-selector[0m
  [36m11[0m  [36m[0m
  [36m12[0m  [36m(listen-all! modal-togglers :click toggle-modal)[0m

[36m----  Compiler Warning : Please see src/workout_tracker/core.cljs  ----[0m
[36m----  Compiler Warning on   src/workout_tracker/core.cljs   line:12  column:2  ----[0m

  [1mUse of undeclared Var workout-tracker.core/listen-all![0m

  [36m 8[0m  [36m  [(by-selector ".open-modal")[0m
  [36m 9[0m  [36m   (by-selector ".modal-content button.cancel")[0m
  [36m10[0m  [36m   (by-selector ".modal-close")])[0m
  [36m11[0m  [36m[0m
  [33m12[0m  [1m(listen-all! modal-togglers :click toggle-modal)[0m
  [0m  [0m  [33m ^--- Use of undeclared Var workout-tracker.core/listen-all![0m

[36m----  Compiler Warning : Please see src/workout_tracker/core.cljs  ----[0m
[32mSuccessfully compiled build :dev to "main.js" in 0.381 seconds.[0m
notifying browser that file changed:  out/workout_tracker/core.js
Compiling build :dev to "main.js" from ["src"]...
[31mFailed to compile build :dev from ["src"] in 0.132 seconds.[0m
[36m----  Could not Analyze  src/workout_tracker/core.cljs   line:1  column:1  ----[0m

  [1mnth not supported on this type: Keyword[0m

  [33m1[0m  [1m(ns workout-tracker.core[0m
  [0m [0m  [33m^--- nth not supported on this type: Keyword[0m
  [36m2[0m  [36m  :require [workout-tracker.utils.dom :as dom])[0m
  [36m3[0m  [36m[0m
  [36m4[0m  [36m(defn toggle-modal [][0m

[36m----  Analysis Error : Please see src/workout_tracker/core.cljs  ----[0m
Compiling build :dev to "main.js" from ["src"]...
[31mFailed to compile build :dev from ["src"] in 0.15 seconds.[0m
[36m----  Could not Analyze  src/workout_tracker/core.cljs   line:1  column:1  ----[0m

  [1mnth not supported on this type: Keyword[0m

  [33m1[0m  [1m(ns workout-tracker.core[0m
  [0m [0m  [33m^--- nth not supported on this type: Keyword[0m
  [36m2[0m  [36m  :require [workout-tracker.utils.dom :as dom])[0m
  [36m3[0m  [36m[0m
  [36m4[0m  [36m(defn toggle-modal [][0m

[36m----  Analysis Error : Please see src/workout_tracker/core.cljs  ----[0m
Compiling build :dev to "main.js" from ["src"]...
[31mFailed to compile build :dev from ["src"] in 0.151 seconds.[0m
[36m----  Exception    ----[0m

  [1mAssert failed: file:/home/default/dev/clojurescript-first/examples/workout_tracker/src/workout_tracker/utils/dom.cljs does not provide a namespace
(first provides)[0m

[36m----  Exception Stack Trace  ----[0m

java.lang.AssertionError: Assert failed: file:/home/default/dev/clojurescript-first/examples/workout_tracker/src/workout_tracker/utils/dom.cljs does not provide a namespace
(first provides)
 at cljs.closure$javascript_file.invokeStatic (closure.clj:475)
    cljs.closure$javascript_file.invoke (closure.clj:471)
    cljs.closure$map__GT_javascript_file.invokeStatic (closure.clj:480)
    cljs.closure$map__GT_javascript_file.invoke (closure.clj:478)
    cljs.closure$compiled_file.invokeStatic (closure.clj:547)
    cljs.closure$compiled_file.invoke (closure.clj:539)
    cljs.closure$compile_file.invokeStatic (closure.clj:573)
    cljs.closure$compile_file.invoke (closure.clj:564)
    cljs.closure$fn__5124.invokeStatic (closure.clj:653)
    cljs.closure/fn (closure.clj:647)
    cljs.closure$fn__5052$G__5045__5059.invoke (closure.clj:521)
    cljs.closure$fn__5128.invokeStatic (closure.clj:662)
    cljs.closure/fn (closure.clj:647)
    cljs.closure$fn__5052$G__5045__5059.invoke (closure.clj:521)
    cljs.closure$compile_sources$iter__5250__5254$fn__5255.invoke (closure.clj:1011)
    clojure.lang.LazySeq.sval (LazySeq.java:40)
    clojure.lang.LazySeq.seq (LazySeq.java:49)
    clojure.lang.Cons.next (Cons.java:39)
    clojure.lang.RT.next (RT.java:706)
    clojure.core$next__5108.invokeStatic (core.clj:64)
    clojure.core$dorun.invokeStatic (core.clj:3134)
    clojure.core$doall.invokeStatic (core.clj:3140)
    clojure.core$doall.invoke (core.clj:3140)
    cljs.closure$compile_sources.invokeStatic (closure.clj:1007)
    cljs.closure$compile_sources.invoke (closure.clj:996)
    cljs.closure$build.invokeStatic (closure.clj:2817)
    cljs.closure$build.invoke (closure.clj:2718)
    cljs.build.api$build.invokeStatic (api.clj:208)
    cljs.build.api$build.invoke (api.clj:189)
    figwheel_sidecar.components.cljs_autobuild$cljs_build.invokeStatic (cljs_autobuild.clj:28)
    figwheel_sidecar.components.cljs_autobuild$cljs_build.invoke (cljs_autobuild.clj:27)
    figwheel_sidecar.build_middleware.injection$hook$fn__20595.invoke (injection.clj:88)
    figwheel_sidecar.components.cljs_autobuild$notify_command_hook$fn__20917.invoke (cljs_autobuild.clj:69)
    figwheel_sidecar.components.cljs_autobuild$figwheel_start_and_end_messages$fn__20907.invoke (cljs_autobuild.clj:48)
    figwheel_sidecar.build_middleware.notifications$hook$fn__20776.invoke (notifications.clj:179)
    figwheel_sidecar.build_middleware.clj_reloading$hook$fn__20833.invoke (clj_reloading.clj:111)
    figwheel_sidecar.build_middleware.javascript_reloading$hook$fn__20866.invoke (javascript_reloading.clj:48)
    figwheel_sidecar.components.cljs_autobuild$color_output$fn__20921.invoke (cljs_autobuild.clj:80)
    figwheel_sidecar.components.cljs_autobuild$execute_build$fn__20963.invoke (cljs_autobuild.clj:234)
    figwheel_sidecar.utils$sync_exec$fn__371$fn__372.invoke (utils.clj:13)
    figwheel_sidecar.utils$sync_exec$fn__371.invoke (utils.clj:12)
    clojure.core$binding_conveyor_fn$fn__5476.invoke (core.clj:2025)
    clojure.lang.AFn.applyToHelper (AFn.java:154)
    clojure.lang.RestFn.applyTo (RestFn.java:132)
    clojure.lang.Agent$Action.doRun (Agent.java:114)
    clojure.lang.Agent$Action.run (Agent.java:163)
    java.util.concurrent.ThreadPoolExecutor.runWorker (ThreadPoolExecutor.java:1149)
    java.util.concurrent.ThreadPoolExecutor$Worker.run (ThreadPoolExecutor.java:624)
    java.lang.Thread.run (Thread.java:748)

Compiling build :dev to "main.js" from ["src"]...
[32mSuccessfully compiled build :dev to "main.js" in 0.278 seconds.[0m
notifying browser that file changed:  out/cljs_deps.js
notifying browser that file changed:  out/workout_tracker/utils/dom.js
Compiling build :dev to "main.js" from ["src"]...
[31mFailed to compile build :dev from ["src"] in 0.19 seconds.[0m
[36m----  Could not Analyze  src/workout_tracker/core.cljs   line:16  column:1  ----[0m

  [1mParameter declaration "hipo/create" should be a vector[0m

  [36m14[0m  [36m(dom/listen-all! modal-togglers :click toggle-modal)[0m
  [36m15[0m  [36m[0m
  [33m16[0m  [1m(defn panel-block[0m
  [0m  [0m  [33m^--- Parameter declaration "hipo/create" should be a vector[0m
  [36m17[0m  [36m  (hipo/create[0m
  [36m18[0m  [36m   [:a.panel-block[0m
  [36m19[0m  [36m    [:span.panel-icon[0m

[36m----  Analysis Error : Please see src/workout_tracker/core.cljs  ----[0m
Compiling build :dev to "main.js" from ["src"]...
[32mSuccessfully compiled build :dev to "main.js" in 0.319 seconds.[0m
notifying browser that file changed:  out/goog/deps.js
notifying browser that file changed:  out/cljs_deps.js
notifying browser that file changed:  out/workout_tracker/core.js
Compiling build :dev to "main.js" from ["src"]...
[32mSuccessfully compiled build :dev to "main.js" in 0.324 seconds.[0m
notifying browser that file changed:  out/workout_tracker/core.js
Compiling build :dev to "main.js" from ["src"]...
[32mSuccessfully compiled build :dev to "main.js" in 0.313 seconds.[0m
notifying browser that file changed:  out/workout_tracker/core.js
Compiling build :dev to "main.js" from ["src"]...
[32mSuccessfully compiled build :dev to "main.js" in 0.309 seconds.[0m
notifying browser that file changed:  out/workout_tracker/core.js
Compiling build :dev to "main.js" from ["src"]...
[32mSuccessfully compiled build :dev to "main.js" in 0.343 seconds.[0m
notifying browser that file changed:  out/workout_tracker/core.js
Compiling build :dev to "main.js" from ["src"]...
[32mSuccessfully compiled build :dev to "main.js" in 0.277 seconds.[0m
notifying browser that file changed:  out/workout_tracker/core.js
Compiling build :dev to "main.js" from ["src"]...
[32mSuccessfully compiled build :dev to "main.js" in 0.275 seconds.[0m
notifying browser that file changed:  out/workout_tracker/core.js
Compiling build :dev to "main.js" from ["src"]...
[32mSuccessfully compiled build :dev to "main.js" in 0.31 seconds.[0m
notifying browser that file changed:  out/goog/deps.js
notifying browser that file changed:  out/cljs_deps.js
notifying browser that file changed:  out/workout_tracker/core.js
Compiling build :dev to "main.js" from ["src"]...
[32mSuccessfully compiled build :dev to "main.js" in 0.34 seconds.[0m
notifying browser that file changed:  out/workout_tracker/core.js
Compiling build :dev to "main.js" from ["src"]...
[32mSuccessfully compiled build :dev to "main.js" in 0.328 seconds.[0m
notifying browser that file changed:  out/workout_tracker/core.js
Compiling build :dev to "main.js" from ["src"]...
[32mSuccessfully compiled build :dev to "main.js" in 0.283 seconds.[0m
notifying browser that file changed:  out/workout_tracker/core.js
Compiling build :dev to "main.js" from ["src"]...
[32mSuccessfully compiled build :dev to "main.js" in 0.432 seconds.[0m
notifying browser that file changed:  out/workout_tracker/core.js
Compiling build :dev to "main.js" from ["src"]...
[32mSuccessfully compiled build :dev to "main.js" in 0.438 seconds.[0m
notifying browser that file changed:  out/workout_tracker/core.js
Compiling build :dev to "main.js" from ["src"]...
[31mFailed to compile build :dev from ["src"] in 0.179 seconds.[0m
[36m----  Exception    ----[0m

  [1mAssert failed: file:/home/default/dev/clojurescript-first/examples/workout_tracker/src/workout_tracker/utils/date.cljs does not provide a namespace
(first provides)[0m

[36m----  Exception Stack Trace  ----[0m

java.lang.AssertionError: Assert failed: file:/home/default/dev/clojurescript-first/examples/workout_tracker/src/workout_tracker/utils/date.cljs does not provide a namespace
(first provides)
 at cljs.closure$javascript_file.invokeStatic (closure.clj:475)
    cljs.closure$javascript_file.invoke (closure.clj:471)
    cljs.closure$map__GT_javascript_file.invokeStatic (closure.clj:480)
    cljs.closure$map__GT_javascript_file.invoke (closure.clj:478)
    cljs.closure$compiled_file.invokeStatic (closure.clj:547)
    cljs.closure$compiled_file.invoke (closure.clj:539)
    cljs.closure$compile_file.invokeStatic (closure.clj:573)
    cljs.closure$compile_file.invoke (closure.clj:564)
    cljs.closure$fn__5124.invokeStatic (closure.clj:653)
    cljs.closure/fn (closure.clj:647)
    cljs.closure$fn__5052$G__5045__5059.invoke (closure.clj:521)
    cljs.closure$compile_sources$iter__5250__5254$fn__5255.invoke (closure.clj:1011)
    clojure.lang.LazySeq.sval (LazySeq.java:40)
    clojure.lang.LazySeq.seq (LazySeq.java:49)
    clojure.lang.Cons.next (Cons.java:39)
    clojure.lang.RT.next (RT.java:706)
    clojure.core$next__5108.invokeStatic (core.clj:64)
    clojure.core$dorun.invokeStatic (core.clj:3134)
    clojure.core$doall.invokeStatic (core.clj:3140)
    clojure.core$doall.invoke (core.clj:3140)
    cljs.closure$compile_sources.invokeStatic (closure.clj:1007)
    cljs.closure$compile_sources.invoke (closure.clj:996)
    cljs.closure$build.invokeStatic (closure.clj:2817)
    cljs.closure$build.invoke (closure.clj:2718)
    cljs.build.api$build.invokeStatic (api.clj:208)
    cljs.build.api$build.invoke (api.clj:189)
    figwheel_sidecar.components.cljs_autobuild$cljs_build.invokeStatic (cljs_autobuild.clj:28)
    figwheel_sidecar.components.cljs_autobuild$cljs_build.invoke (cljs_autobuild.clj:27)
    figwheel_sidecar.build_middleware.injection$hook$fn__20595.invoke (injection.clj:88)
    figwheel_sidecar.components.cljs_autobuild$notify_command_hook$fn__20917.invoke (cljs_autobuild.clj:69)
    figwheel_sidecar.components.cljs_autobuild$figwheel_start_and_end_messages$fn__20907.invoke (cljs_autobuild.clj:48)
    figwheel_sidecar.build_middleware.notifications$hook$fn__20776.invoke (notifications.clj:179)
    figwheel_sidecar.build_middleware.clj_reloading$hook$fn__20833.invoke (clj_reloading.clj:111)
    figwheel_sidecar.build_middleware.javascript_reloading$hook$fn__20866.invoke (javascript_reloading.clj:48)
    figwheel_sidecar.components.cljs_autobuild$color_output$fn__20921.invoke (cljs_autobuild.clj:80)
    figwheel_sidecar.components.cljs_autobuild$execute_build$fn__20963.invoke (cljs_autobuild.clj:234)
    figwheel_sidecar.utils$sync_exec$fn__371$fn__372.invoke (utils.clj:13)
    figwheel_sidecar.utils$sync_exec$fn__371.invoke (utils.clj:12)
    clojure.core$binding_conveyor_fn$fn__5476.invoke (core.clj:2025)
    clojure.lang.AFn.applyToHelper (AFn.java:154)
    clojure.lang.RestFn.applyTo (RestFn.java:132)
    clojure.lang.Agent$Action.doRun (Agent.java:114)
    clojure.lang.Agent$Action.run (Agent.java:163)
    java.util.concurrent.ThreadPoolExecutor.runWorker (ThreadPoolExecutor.java:1149)
    java.util.concurrent.ThreadPoolExecutor$Worker.run (ThreadPoolExecutor.java:624)
    java.lang.Thread.run (Thread.java:748)

Compiling build :dev to "main.js" from ["src"]...
[32mSuccessfully compiled build :dev to "main.js" in 0.296 seconds.[0m
notifying browser that file changed:  out/cljs_deps.js
notifying browser that file changed:  out/workout_tracker/core.js
Compiling build :dev to "main.js" from ["src"]...
[32mSuccessfully compiled build :dev to "main.js" in 0.295 seconds.[0m
notifying browser that file changed:  out/cljs_deps.js
notifying browser that file changed:  out/workout_tracker/utils/date.js
Compiling build :dev to "main.js" from ["src"]...
[36m----  Compiler Warning on   src/workout_tracker/core.cljs   line:42  column:45  ----[0m

  [1mUse of undeclared Var workout-tracker.core/tab-element[0m

  [36m38[0m  [36m             submit-workout-handler)[0m
  [36m39[0m  [36m[0m
  [36m40[0m  [36m(defn handle-date-filter [evt][0m
  [36m41[0m  [36m  (let [tab-el      (.currentTarget evt)[0m
  [33m42[0m  [1m        when-range  (keyword (.getAttribute tab-element "data-timeframe"))[0m
  [0m  [0m  [33m                                            ^--- Use of undeclared Var workout-tracker.core/tab-element[0m
  [36m43[0m  [36m        workouts    (dom/by-selector-all "a.panel-block")][0m
  [36m44[0m  [36m    ))[0m

[36m----  Compiler Warning : Please see src/workout_tracker/core.cljs  ----[0m
[36m----  Compiler Warning on   src/workout_tracker/core.cljs   line:43  column:22  ----[0m

  [1mUse of undeclared Var workout-tracker.utils.dom/by-selector-all[0m

  [36m40[0m  [36m(defn handle-date-filter [evt][0m
  [36m41[0m  [36m  (let [tab-el      (.currentTarget evt)[0m
  [36m42[0m  [36m        when-range  (keyword (.getAttribute tab-element "data-timeframe"))[0m
  [33m43[0m  [1m        workouts    (dom/by-selector-all "a.panel-block")][0m
  [0m  [0m  [33m                     ^--- Use of undeclared Var workout-tracker.utils.dom/by-selector-all[0m
  [36m44[0m  [36m    ))[0m

[36m----  Compiler Warning : Please see src/workout_tracker/core.cljs  ----[0m
[32mSuccessfully compiled build :dev to "main.js" in 0.34 seconds.[0m
notifying browser that file changed:  out/workout_tracker/core.js
Compiling build :dev to "main.js" from ["src"]...
[36m----  Compiler Warning on   src/workout_tracker/core.cljs   line:43  column:45  ----[0m

  [1mUse of undeclared Var workout-tracker.core/tab-element[0m

  [36m39[0m  [36m             submit-workout-handler)[0m
  [36m40[0m  [36m[0m
  [36m41[0m  [36m(defn handle-date-filter [evt][0m
  [36m42[0m  [36m  (let [tab-el      (.currentTarget evt)[0m
  [33m43[0m  [1m        when-range  (keyword (.getAttribute tab-element "data-timeframe"))[0m
  [0m  [0m  [33m                                            ^--- Use of undeclared Var workout-tracker.core/tab-element[0m
  [36m44[0m  [36m        workouts    (dom/by-selector-all "a.panel-block")][0m
  [36m45[0m  [36m    (apply-filter date/date-filter workouts)))[0m

[36m----  Compiler Warning : Please see src/workout_tracker/core.cljs  ----[0m
[36m----  Compiler Warning on   src/workout_tracker/core.cljs   line:44  column:22  ----[0m

  [1mUse of undeclared Var workout-tracker.utils.dom/by-selector-all[0m

  [36m41[0m  [36m(defn handle-date-filter [evt][0m
  [36m42[0m  [36m  (let [tab-el      (.currentTarget evt)[0m
  [36m43[0m  [36m        when-range  (keyword (.getAttribute tab-element "data-timeframe"))[0m
  [33m44[0m  [1m        workouts    (dom/by-selector-all "a.panel-block")][0m
  [0m  [0m  [33m                     ^--- Use of undeclared Var workout-tracker.utils.dom/by-selector-all[0m
  [36m45[0m  [36m    (apply-filter date/date-filter workouts)))[0m

[36m----  Compiler Warning : Please see src/workout_tracker/core.cljs  ----[0m
[36m----  Compiler Warning on   src/workout_tracker/core.cljs   line:45  column:6  ----[0m

  [1mUse of undeclared Var workout-tracker.core/apply-filter[0m

  [36m41[0m  [36m(defn handle-date-filter [evt][0m
  [36m42[0m  [36m  (let [tab-el      (.currentTarget evt)[0m
  [36m43[0m  [36m        when-range  (keyword (.getAttribute tab-element "data-timeframe"))[0m
  [36m44[0m  [36m        workouts    (dom/by-selector-all "a.panel-block")][0m
  [33m45[0m  [1m    (apply-filter date/date-filter workouts)))[0m
  [0m  [0m  [33m     ^--- Use of undeclared Var workout-tracker.core/apply-filter[0m

[36m----  Compiler Warning : Please see src/workout_tracker/core.cljs  ----[0m
[32mSuccessfully compiled build :dev to "main.js" in 0.362 seconds.[0m
notifying browser that file changed:  out/cljs_deps.js
notifying browser that file changed:  out/workout_tracker/core.js
Compiling build :dev to "main.js" from ["src"]...
[36m----  Compiler Warning on   src/workout_tracker/core.cljs   line:43  column:45  ----[0m

  [1mUse of undeclared Var workout-tracker.core/tab-element[0m

  [36m39[0m  [36m             submit-workout-handler)[0m
  [36m40[0m  [36m[0m
  [36m41[0m  [36m(defn handle-date-filter [evt][0m
  [36m42[0m  [36m  (let [tab-el      (.currentTarget evt)[0m
  [33m43[0m  [1m        when-range  (keyword (.getAttribute tab-element "data-timeframe"))[0m
  [0m  [0m  [33m                                            ^--- Use of undeclared Var workout-tracker.core/tab-element[0m
  [36m44[0m  [36m        workouts    (dom/by-selector-all "a.panel-block")][0m
  [36m45[0m  [36m    (dom/apply-filter date/date-filter workouts)))[0m

[36m----  Compiler Warning : Please see src/workout_tracker/core.cljs  ----[0m
[36m----  Compiler Warning on   src/workout_tracker/core.cljs   line:44  column:22  ----[0m

  [1mUse of undeclared Var workout-tracker.utils.dom/by-selector-all[0m

  [36m41[0m  [36m(defn handle-date-filter [evt][0m
  [36m42[0m  [36m  (let [tab-el      (.currentTarget evt)[0m
  [36m43[0m  [36m        when-range  (keyword (.getAttribute tab-element "data-timeframe"))[0m
  [33m44[0m  [1m        workouts    (dom/by-selector-all "a.panel-block")][0m
  [0m  [0m  [33m                     ^--- Use of undeclared Var workout-tracker.utils.dom/by-selector-all[0m
  [36m45[0m  [36m    (dom/apply-filter date/date-filter workouts)))[0m

[36m----  Compiler Warning : Please see src/workout_tracker/core.cljs  ----[0m
[36m----  Compiler Warning on   src/workout_tracker/core.cljs   line:45  column:6  ----[0m

  [1mUse of undeclared Var workout-tracker.utils.dom/apply-filter[0m

  [36m41[0m  [36m(defn handle-date-filter [evt][0m
  [36m42[0m  [36m  (let [tab-el      (.currentTarget evt)[0m
  [36m43[0m  [36m        when-range  (keyword (.getAttribute tab-element "data-timeframe"))[0m
  [36m44[0m  [36m        workouts    (dom/by-selector-all "a.panel-block")][0m
  [33m45[0m  [1m    (dom/apply-filter date/date-filter workouts)))[0m
  [0m  [0m  [33m     ^--- Use of undeclared Var workout-tracker.utils.dom/apply-filter[0m

[36m----  Compiler Warning : Please see src/workout_tracker/core.cljs  ----[0m
[32mSuccessfully compiled build :dev to "main.js" in 0.363 seconds.[0m
notifying browser that file changed:  out/workout_tracker/core.js
Compiling build :dev to "main.js" from ["src"]...
[36m----  Compiler Warning on   src/workout_tracker/core.cljs   line:44  column:22  ----[0m

  [1mUse of undeclared Var workout-tracker.utils.dom/by-selector-all[0m

  [36m41[0m  [36m(defn handle-date-filter [evt][0m
  [36m42[0m  [36m  (let [tab-el      (.currentTarget evt)[0m
  [36m43[0m  [36m        when-range  (keyword (.getAttribute tab-el "data-timeframe"))[0m
  [33m44[0m  [1m        workouts    (dom/by-selector-all "a.panel-block")][0m
  [0m  [0m  [33m                     ^--- Use of undeclared Var workout-tracker.utils.dom/by-selector-all[0m
  [36m45[0m  [36m    (dom/apply-filter date/date-filter workouts)))[0m
  [36m46[0m  [36m[0m
  [36m47[0m  [36m(dom/listen-all! (dom/by-selector-all ""))[0m

[36m----  Compiler Warning : Please see src/workout_tracker/core.cljs  ----[0m
[36m----  Compiler Warning on   src/workout_tracker/core.cljs   line:45  column:6  ----[0m

  [1mUse of undeclared Var workout-tracker.utils.dom/apply-filter[0m

  [36m41[0m  [36m(defn handle-date-filter [evt][0m
  [36m42[0m  [36m  (let [tab-el      (.currentTarget evt)[0m
  [36m43[0m  [36m        when-range  (keyword (.getAttribute tab-el "data-timeframe"))[0m
  [36m44[0m  [36m        workouts    (dom/by-selector-all "a.panel-block")][0m
  [33m45[0m  [1m    (dom/apply-filter date/date-filter workouts)))[0m
  [0m  [0m  [33m     ^--- Use of undeclared Var workout-tracker.utils.dom/apply-filter[0m
  [36m46[0m  [36m[0m
  [36m47[0m  [36m(dom/listen-all! (dom/by-selector-all ""))[0m

[36m----  Compiler Warning : Please see src/workout_tracker/core.cljs  ----[0m
[36m----  Compiler Warning on   src/workout_tracker/core.cljs   line:47  column:1  ----[0m

  [1mWrong number of args (1) passed to workout-tracker.utils.dom/listen-all![0m

  [36m43[0m  [36m        when-range  (keyword (.getAttribute tab-el "data-timeframe"))[0m
  [36m44[0m  [36m        workouts    (dom/by-selector-all "a.panel-block")][0m
  [36m45[0m  [36m    (dom/apply-filter date/date-filter workouts)))[0m
  [36m46[0m  [36m[0m
  [33m47[0m  [1m(dom/listen-all! (dom/by-selector-all ""))[0m
  [0m  [0m  [33m^--- Wrong number of args (1) passed to workout-tracker.utils.dom/listen-all![0m

[36m----  Compiler Warning : Please see src/workout_tracker/core.cljs  ----[0m
[36m----  Compiler Warning on   src/workout_tracker/core.cljs   line:47  column:19  ----[0m

  [1mUse of undeclared Var workout-tracker.utils.dom/by-selector-all[0m

  [36m43[0m  [36m        when-range  (keyword (.getAttribute tab-el "data-timeframe"))[0m
  [36m44[0m  [36m        workouts    (dom/by-selector-all "a.panel-block")][0m
  [36m45[0m  [36m    (dom/apply-filter date/date-filter workouts)))[0m
  [36m46[0m  [36m[0m
  [33m47[0m  [1m(dom/listen-all! (dom/by-selector-all ""))[0m
  [0m  [0m  [33m                  ^--- Use of undeclared Var workout-tracker.utils.dom/by-selector-all[0m

[36m----  Compiler Warning : Please see src/workout_tracker/core.cljs  ----[0m
[32mSuccessfully compiled build :dev to "main.js" in 0.372 seconds.[0m
notifying browser that file changed:  out/workout_tracker/core.js
Compiling build :dev to "main.js" from ["src"]...
[36m----  Compiler Warning on   src/workout_tracker/core.cljs   line:45  column:6  ----[0m

  [1mUse of undeclared Var workout-tracker.utils.dom/apply-filter[0m

  [36m41[0m  [36m(defn handle-date-filter [evt][0m
  [36m42[0m  [36m  (let [tab-el      (.currentTarget evt)[0m
  [36m43[0m  [36m        when-range  (keyword (.getAttribute tab-el "data-timeframe"))[0m
  [36m44[0m  [36m        workouts    (dom/by-selector-all "a.panel-block")][0m
  [33m45[0m  [1m    (dom/apply-filter date/date-filter workouts)))[0m
  [0m  [0m  [33m     ^--- Use of undeclared Var workout-tracker.utils.dom/apply-filter[0m
  [36m46[0m  [36m[0m
  [36m47[0m  [36m(dom/listen-all! (dom/by-selector-all ""))[0m

[36m----  Compiler Warning : Please see src/workout_tracker/core.cljs  ----[0m
[36m----  Compiler Warning on   src/workout_tracker/core.cljs   line:47  column:1  ----[0m

  [1mWrong number of args (1) passed to workout-tracker.utils.dom/listen-all![0m

  [36m43[0m  [36m        when-range  (keyword (.getAttribute tab-el "data-timeframe"))[0m
  [36m44[0m  [36m        workouts    (dom/by-selector-all "a.panel-block")][0m
  [36m45[0m  [36m    (dom/apply-filter date/date-filter workouts)))[0m
  [36m46[0m  [36m[0m
  [33m47[0m  [1m(dom/listen-all! (dom/by-selector-all ""))[0m
  [0m  [0m  [33m^--- Wrong number of args (1) passed to workout-tracker.utils.dom/listen-all![0m

[36m----  Compiler Warning : Please see src/workout_tracker/core.cljs  ----[0m
[32mSuccessfully compiled build :dev to "main.js" in 0.389 seconds.[0m
notifying browser that file changed:  out/workout_tracker/utils/dom.js
Compiling build :dev to "main.js" from ["src"]...
[36m----  Compiler Warning on   src/workout_tracker/core.cljs   line:45  column:6  ----[0m

  [1mUse of undeclared Var workout-tracker.utils.dom/apply-filter[0m

  [36m41[0m  [36m(defn handle-date-filter [evt][0m
  [36m42[0m  [36m  (let [tab-el      (.currentTarget evt)[0m
  [36m43[0m  [36m        when-range  (keyword (.getAttribute tab-el "data-timeframe"))[0m
  [36m44[0m  [36m        workouts    (dom/by-selector-all "a.panel-block")][0m
  [33m45[0m  [1m    (dom/apply-filter date/date-filter workouts)))[0m
  [0m  [0m  [33m     ^--- Use of undeclared Var workout-tracker.utils.dom/apply-filter[0m
  [36m46[0m  [36m[0m
  [36m47[0m  [36m(dom/listen-all! (dom/by-selector-all ".panel-tabs a")[0m
  [36m48[0m  [36m                 :click[0m
  [36m49[0m  [36m                 handle-date-filter)[0m

[36m----  Compiler Warning : Please see src/workout_tracker/core.cljs  ----[0m
[32mSuccessfully compiled build :dev to "main.js" in 0.336 seconds.[0m
notifying browser that file changed:  out/workout_tracker/core.js
Compiling build :dev to "main.js" from ["src"]...
[36m----  Compiler Warning on   src/workout_tracker/core.cljs   line:46  column:6  ----[0m

  [1mUse of undeclared Var workout-tracker.utils.dom/apply-filter[0m

  [36m42[0m  [36m  (let [tab-el       (.currentTarget evt)[0m
  [36m43[0m  [36m        when-range   (keyword (.getAttribute tab-el "data-timeframe"))[0m
  [36m44[0m  [36m        workouts     (dom/by-selector-all "a.panel-block")[0m
  [36m45[0m  [36m        in-timeframe (fn [el] )][0m
  [33m46[0m  [1m    (dom/apply-filter date/date-filter workouts)))[0m
  [0m  [0m  [33m     ^--- Use of undeclared Var workout-tracker.utils.dom/apply-filter[0m
  [36m47[0m  [36m[0m
  [36m48[0m  [36m(dom/listen-all! (dom/by-selector-all ".panel-tabs a")[0m
  [36m49[0m  [36m                 :click[0m
  [36m50[0m  [36m                 handle-date-filter)[0m

[36m----  Compiler Warning : Please see src/workout_tracker/core.cljs  ----[0m
[32mSuccessfully compiled build :dev to "main.js" in 0.325 seconds.[0m
notifying browser that file changed:  out/workout_tracker/core.js
Compiling build :dev to "main.js" from ["src"]...
[36m----  Compiler Warning on   src/workout_tracker/core.cljs   line:53  column:6  ----[0m

  [1mUse of undeclared Var workout-tracker.utils.dom/apply-filter[0m

  [36m49[0m  [36m  (let [tab-el       (.currentTarget evt)[0m
  [36m50[0m  [36m        when-range   (keyword (.getAttribute tab-el "data-timeframe"))[0m
  [36m51[0m  [36m        workouts     (dom/by-selector-all "a.panel-block")[0m
  [36m52[0m  [36m        in-timeframe (fn [el] )][0m
  [33m53[0m  [1m    (dom/apply-filter date/date-filter workouts)))[0m
  [0m  [0m  [33m     ^--- Use of undeclared Var workout-tracker.utils.dom/apply-filter[0m
  [36m54[0m  [36m[0m
  [36m55[0m  [36m(dom/listen-all! (dom/by-selector-all ".panel-tabs a")[0m
  [36m56[0m  [36m                 :click[0m
  [36m57[0m  [36m                 handle-date-filter)[0m

[36m----  Compiler Warning : Please see src/workout_tracker/core.cljs  ----[0m
[32mSuccessfully compiled build :dev to "main.js" in 0.337 seconds.[0m
notifying browser that file changed:  out/workout_tracker/core.js
Compiling build :dev to "main.js" from ["src"]...
[36m----  Compiler Warning on   src/workout_tracker/core.cljs   line:53  column:6  ----[0m

  [1mUse of undeclared Var workout-tracker.utils.dom/apply-filter[0m

  [36m49[0m  [36m  (let [tab-el       (.currentTarget evt)[0m
  [36m50[0m  [36m        when-range   (keyword (.getAttribute tab-el "data-timeframe"))[0m
  [36m51[0m  [36m        workouts     (dom/by-selector-all "a.panel-block")[0m
  [36m52[0m  [36m        in-timeframe (fn [el] )][0m
  [33m53[0m  [1m    (dom/apply-filter date/date-filter workouts)))[0m
  [0m  [0m  [33m     ^--- Use of undeclared Var workout-tracker.utils.dom/apply-filter[0m
  [36m54[0m  [36m[0m
  [36m55[0m  [36m(dom/listen-all! (dom/by-selector-all ".panel-tabs a")[0m
  [36m56[0m  [36m                 :click[0m
  [36m57[0m  [36m                 handle-date-filter)[0m

[36m----  Compiler Warning : Please see src/workout_tracker/core.cljs  ----[0m
[32mSuccessfully compiled build :dev to "main.js" in 0.338 seconds.[0m
notifying browser that file changed:  out/workout_tracker/core.js
Compiling build :dev to "main.js" from ["src"]...
[36m----  Compiler Warning on   src/workout_tracker/core.cljs   line:47  column:5  ----[0m

  [1mWrong number of args (1) passed to workout-tracker.utils.date/date-filter[0m

  [36m43[0m  [36m   Wraps date-filter. `timespan` is the keyword passed to date-filter.[0m
  [36m44[0m  [36m   `el-date-attr` specifies the attribute containing the Unix timestamp[0m
  [36m45[0m  [36m   on the element to use."[0m
  [36m46[0m  [36m  (let [el-timestamp (js/parseInt (.getAttribute el-date-attr))][0m
  [33m47[0m  [1m    (date/date-filter timespan)))[0m
  [0m  [0m  [33m    ^--- Wrong number of args (1) passed to workout-tracker.utils.date/date-filter[0m
  [36m48[0m  [36m[0m
  [36m49[0m  [36m(defn handle-date-filter [evt][0m
  [36m50[0m  [36m  (let [tab-el       (.currentTarget evt)[0m
  [36m51[0m  [36m        when-range   (keyword (.getAttribute tab-el "data-timeframe"))[0m
  [36m52[0m  [36m        workouts     (dom/by-selector-all "a.panel-block")][0m

[36m----  Compiler Warning : Please see src/workout_tracker/core.cljs  ----[0m
[36m----  Compiler Warning on   src/workout_tracker/core.cljs   line:53  column:6  ----[0m

  [1mUse of undeclared Var workout-tracker.utils.dom/apply-filter[0m

  [36m49[0m  [36m(defn handle-date-filter [evt][0m
  [36m50[0m  [36m  (let [tab-el       (.currentTarget evt)[0m
  [36m51[0m  [36m        when-range   (keyword (.getAttribute tab-el "data-timeframe"))[0m
  [36m52[0m  [36m        workouts     (dom/by-selector-all "a.panel-block")][0m
  [33m53[0m  [1m    (dom/apply-filter date/date-filter workouts)))[0m
  [0m  [0m  [33m     ^--- Use of undeclared Var workout-tracker.utils.dom/apply-filter[0m
  [36m54[0m  [36m[0m
  [36m55[0m  [36m(dom/listen-all! (dom/by-selector-all ".panel-tabs a")[0m
  [36m56[0m  [36m                 :click[0m
  [36m57[0m  [36m                 handle-date-filter)[0m

[36m----  Compiler Warning : Please see src/workout_tracker/core.cljs  ----[0m
[32mSuccessfully compiled build :dev to "main.js" in 0.335 seconds.[0m
notifying browser that file changed:  out/workout_tracker/core.js
Compiling build :dev to "main.js" from ["src"]...
[36m----  Compiler Warning on   src/workout_tracker/core.cljs   line:53  column:6  ----[0m

  [1mUse of undeclared Var workout-tracker.utils.dom/apply-filter[0m

  [36m49[0m  [36m(defn handle-date-filter [evt][0m
  [36m50[0m  [36m  (let [tab-el       (.currentTarget evt)[0m
  [36m51[0m  [36m        when-range   (keyword (.getAttribute tab-el "data-timeframe"))[0m
  [36m52[0m  [36m        workouts     (dom/by-selector-all "a.panel-block")][0m
  [33m53[0m  [1m    (dom/apply-filter date/date-filter workouts)))[0m
  [0m  [0m  [33m     ^--- Use of undeclared Var workout-tracker.utils.dom/apply-filter[0m
  [36m54[0m  [36m[0m
  [36m55[0m  [36m(dom/listen-all! (dom/by-selector-all ".panel-tabs a")[0m
  [36m56[0m  [36m                 :click[0m
  [36m57[0m  [36m                 handle-date-filter)[0m

[36m----  Compiler Warning : Please see src/workout_tracker/core.cljs  ----[0m
[32mSuccessfully compiled build :dev to "main.js" in 0.379 seconds.[0m
notifying browser that file changed:  out/workout_tracker/core.js
Compiling build :dev to "main.js" from ["src"]...
[36m----  Compiler Warning on   src/workout_tracker/core.cljs   line:53  column:37  ----[0m

  [1mWrong number of args (2) passed to workout-tracker.core/in-timeframe[0m

  [36m49[0m  [36m(defn handle-date-filter [evt][0m
  [36m50[0m  [36m  (let [tab-el        (.currentTarget evt)[0m
  [36m51[0m  [36m        when-range    (keyword (.getAttribute tab-el "data-timeframe"))[0m
  [36m52[0m  [36m        workouts      (dom/by-selector-all "a.panel-block")[0m
  [33m53[0m  [1m        filter-helper (fn [date-el] (in-timeframe when-range "data-created_at"))][0m
  [0m  [0m  [33m                                    ^--- Wrong number of args (2) passed to workout-tracker.core/in-timeframe[0m
  [36m54[0m  [36m    (dom/apply-filter filter-helper workouts)))[0m
  [36m55[0m  [36m[0m
  [36m56[0m  [36m(dom/listen-all! (dom/by-selector-all ".panel-tabs a")[0m
  [36m57[0m  [36m                 :click[0m
  [36m58[0m  [36m                 handle-date-filter)[0m

[36m----  Compiler Warning : Please see src/workout_tracker/core.cljs  ----[0m
[36m----  Compiler Warning on   src/workout_tracker/core.cljs   line:54  column:6  ----[0m

  [1mUse of undeclared Var workout-tracker.utils.dom/apply-filter[0m

  [36m50[0m  [36m  (let [tab-el        (.currentTarget evt)[0m
  [36m51[0m  [36m        when-range    (keyword (.getAttribute tab-el "data-timeframe"))[0m
  [36m52[0m  [36m        workouts      (dom/by-selector-all "a.panel-block")[0m
  [36m53[0m  [36m        filter-helper (fn [date-el] (in-timeframe when-range "data-created_at"))][0m
  [33m54[0m  [1m    (dom/apply-filter filter-helper workouts)))[0m
  [0m  [0m  [33m     ^--- Use of undeclared Var workout-tracker.utils.dom/apply-filter[0m
  [36m55[0m  [36m[0m
  [36m56[0m  [36m(dom/listen-all! (dom/by-selector-all ".panel-tabs a")[0m
  [36m57[0m  [36m                 :click[0m
  [36m58[0m  [36m                 handle-date-filter)[0m

[36m----  Compiler Warning : Please see src/workout_tracker/core.cljs  ----[0m
[32mSuccessfully compiled build :dev to "main.js" in 0.348 seconds.[0m
notifying browser that file changed:  out/workout_tracker/core.js
Compiling build :dev to "main.js" from ["src"]...
[36m----  Compiler Warning on   src/workout_tracker/core.cljs   line:54  column:6  ----[0m

  [1mUse of undeclared Var workout-tracker.utils.dom/apply-filter[0m

  [36m50[0m  [36m  (let [tab-el        (.currentTarget evt)[0m
  [36m51[0m  [36m        when-range    (keyword (.getAttribute tab-el "data-timeframe"))[0m
  [36m52[0m  [36m        workouts      (dom/by-selector-all "a.panel-block")[0m
  [36m53[0m  [36m        filter-helper (fn [date-el] (in-timeframe when-range "data-created_at" date-el))][0m
  [33m54[0m  [1m    (dom/apply-filter filter-helper workouts)))[0m
  [0m  [0m  [33m     ^--- Use of undeclared Var workout-tracker.utils.dom/apply-filter[0m
  [36m55[0m  [36m[0m
  [36m56[0m  [36m(dom/listen-all! (dom/by-selector-all ".panel-tabs a")[0m
  [36m57[0m  [36m                 :click[0m
  [36m58[0m  [36m                 handle-date-filter)[0m

[36m----  Compiler Warning : Please see src/workout_tracker/core.cljs  ----[0m
[32mSuccessfully compiled build :dev to "main.js" in 0.343 seconds.[0m
notifying browser that file changed:  out/workout_tracker/core.js
Compiling build :dev to "main.js" from ["src"]...
[36m----  Compiler Warning on   src/workout_tracker/core.cljs   line:54  column:6  ----[0m

  [1mUse of undeclared Var workout-tracker.utils.dom/apply-filter[0m

  [36m50[0m  [36m  (let [tab-el        (.currentTarget evt)[0m
  [36m51[0m  [36m        when-range    (keyword (.getAttribute tab-el "data-timeframe"))[0m
  [36m52[0m  [36m        workouts      (dom/by-selector-all "a.panel-block")[0m
  [36m53[0m  [36m        filter-helper (fn [date-el] (in-timeframe when-range "data-created_at" date-el))][0m
  [33m54[0m  [1m    (dom/apply-filter filter-helper workouts)))[0m
  [0m  [0m  [33m     ^--- Use of undeclared Var workout-tracker.utils.dom/apply-filter[0m
  [36m55[0m  [36m[0m
  [36m56[0m  [36m(dom/listen-all! (dom/by-selector-all ".panel-tabs a")[0m
  [36m57[0m  [36m                 :click[0m
  [36m58[0m  [36m                 handle-date-filter)[0m

[36m----  Compiler Warning : Please see src/workout_tracker/core.cljs  ----[0m
[32mSuccessfully compiled build :dev to "main.js" in 0.367 seconds.[0m
notifying browser that file changed:  out/workout_tracker/utils/dom.js
Compiling build :dev to "main.js" from ["src"]...
[36m----  Compiler Warning on   src/workout_tracker/core.cljs   line:54  column:6  ----[0m

  [1mUse of undeclared Var workout-tracker.utils.dom/apply-filter[0m

  [36m50[0m  [36m  (let [tab-el        (.currentTarget evt)[0m
  [36m51[0m  [36m        when-kw       (keyword (.getAttribute tab-el "data-timeframe"))[0m
  [36m52[0m  [36m        workout-els   (dom/by-selector-all "a.panel-block")[0m
  [36m53[0m  [36m        filter-helper (fn [el] (in-timeframe when-kw "data-created_at" el))][0m
  [33m54[0m  [1m    (dom/apply-filter filter-helper workouts)))[0m
  [0m  [0m  [33m     ^--- Use of undeclared Var workout-tracker.utils.dom/apply-filter[0m
  [36m55[0m  [36m[0m
  [36m56[0m  [36m(dom/listen-all! (dom/by-selector-all ".panel-tabs a")[0m
  [36m57[0m  [36m                 :click[0m
  [36m58[0m  [36m                 handle-date-filter)[0m

[36m----  Compiler Warning : Please see src/workout_tracker/core.cljs  ----[0m
[36m----  Compiler Warning on   src/workout_tracker/core.cljs   line:54  column:37  ----[0m

  [1mUse of undeclared Var workout-tracker.core/workouts[0m

  [36m50[0m  [36m  (let [tab-el        (.currentTarget evt)[0m
  [36m51[0m  [36m        when-kw       (keyword (.getAttribute tab-el "data-timeframe"))[0m
  [36m52[0m  [36m        workout-els   (dom/by-selector-all "a.panel-block")[0m
  [36m53[0m  [36m        filter-helper (fn [el] (in-timeframe when-kw "data-created_at" el))][0m
  [33m54[0m  [1m    (dom/apply-filter filter-helper workouts)))[0m
  [0m  [0m  [33m                                    ^--- Use of undeclared Var workout-tracker.core/workouts[0m
  [36m55[0m  [36m[0m
  [36m56[0m  [36m(dom/listen-all! (dom/by-selector-all ".panel-tabs a")[0m
  [36m57[0m  [36m                 :click[0m
  [36m58[0m  [36m                 handle-date-filter)[0m

[36m----  Compiler Warning : Please see src/workout_tracker/core.cljs  ----[0m
[32mSuccessfully compiled build :dev to "main.js" in 0.33 seconds.[0m
notifying browser that file changed:  out/workout_tracker/core.js
Compiling build :dev to "main.js" from ["src"]...
[36m----  Compiler Warning on   src/workout_tracker/core.cljs   line:54  column:6  ----[0m

  [1mUse of undeclared Var workout-tracker.utils.dom/apply-filter[0m

  [36m50[0m  [36m  (let [tab-el        (.currentTarget evt)[0m
  [36m51[0m  [36m        when-kw       (keyword (.getAttribute tab-el "data-timeframe"))[0m
  [36m52[0m  [36m        workout-els   (dom/by-selector-all "a.panel-block")[0m
  [36m53[0m  [36m        filter-helper (fn [el] (in-timeframe when-kw "data-created_at" el))][0m
  [33m54[0m  [1m    (dom/apply-filter filter-helper workoutels)))[0m
  [0m  [0m  [33m     ^--- Use of undeclared Var workout-tracker.utils.dom/apply-filter[0m
  [36m55[0m  [36m[0m
  [36m56[0m  [36m(dom/listen-all! (dom/by-selector-all ".panel-tabs a")[0m
  [36m57[0m  [36m                 :click[0m
  [36m58[0m  [36m                 handle-date-filter)[0m

[36m----  Compiler Warning : Please see src/workout_tracker/core.cljs  ----[0m
[36m----  Compiler Warning on   src/workout_tracker/core.cljs   line:54  column:37  ----[0m

  [1mUse of undeclared Var workout-tracker.core/workoutels[0m

  [36m50[0m  [36m  (let [tab-el        (.currentTarget evt)[0m
  [36m51[0m  [36m        when-kw       (keyword (.getAttribute tab-el "data-timeframe"))[0m
  [36m52[0m  [36m        workout-els   (dom/by-selector-all "a.panel-block")[0m
  [36m53[0m  [36m        filter-helper (fn [el] (in-timeframe when-kw "data-created_at" el))][0m
  [33m54[0m  [1m    (dom/apply-filter filter-helper workoutels)))[0m
  [0m  [0m  [33m                                    ^--- Use of undeclared Var workout-tracker.core/workoutels[0m
  [36m55[0m  [36m[0m
  [36m56[0m  [36m(dom/listen-all! (dom/by-selector-all ".panel-tabs a")[0m
  [36m57[0m  [36m                 :click[0m
  [36m58[0m  [36m                 handle-date-filter)[0m

[36m----  Compiler Warning : Please see src/workout_tracker/core.cljs  ----[0m
[32mSuccessfully compiled build :dev to "main.js" in 0.37 seconds.[0m
notifying browser that file changed:  out/workout_tracker/core.js
Compiling build :dev to "main.js" from ["src"]...
[36m----  Compiler Warning on   src/workout_tracker/core.cljs   line:54  column:6  ----[0m

  [1mUse of undeclared Var workout-tracker.utils.dom/apply-filter[0m

  [36m50[0m  [36m  (let [tab-el        (.currentTarget evt)[0m
  [36m51[0m  [36m        when-kw       (keyword (.getAttribute tab-el "data-timeframe"))[0m
  [36m52[0m  [36m        workout-els   (array-seq (dom/by-selector-all "a.panel-block"))[0m
  [36m53[0m  [36m        filter-helper (fn [el] (in-timeframe when-kw "data-created_at" el))][0m
  [33m54[0m  [1m    (dom/apply-filter filter-helper workoutels)))[0m
  [0m  [0m  [33m     ^--- Use of undeclared Var workout-tracker.utils.dom/apply-filter[0m
  [36m55[0m  [36m[0m
  [36m56[0m  [36m(dom/listen-all! (dom/by-selector-all ".panel-tabs a")[0m
  [36m57[0m  [36m                 :click[0m
  [36m58[0m  [36m                 handle-date-filter)[0m

[36m----  Compiler Warning : Please see src/workout_tracker/core.cljs  ----[0m
[36m----  Compiler Warning on   src/workout_tracker/core.cljs   line:54  column:37  ----[0m

  [1mUse of undeclared Var workout-tracker.core/workoutels[0m

  [36m50[0m  [36m  (let [tab-el        (.currentTarget evt)[0m
  [36m51[0m  [36m        when-kw       (keyword (.getAttribute tab-el "data-timeframe"))[0m
  [36m52[0m  [36m        workout-els   (array-seq (dom/by-selector-all "a.panel-block"))[0m
  [36m53[0m  [36m        filter-helper (fn [el] (in-timeframe when-kw "data-created_at" el))][0m
  [33m54[0m  [1m    (dom/apply-filter filter-helper workoutels)))[0m
  [0m  [0m  [33m                                    ^--- Use of undeclared Var workout-tracker.core/workoutels[0m
  [36m55[0m  [36m[0m
  [36m56[0m  [36m(dom/listen-all! (dom/by-selector-all ".panel-tabs a")[0m
  [36m57[0m  [36m                 :click[0m
  [36m58[0m  [36m                 handle-date-filter)[0m

[36m----  Compiler Warning : Please see src/workout_tracker/core.cljs  ----[0m
[32mSuccessfully compiled build :dev to "main.js" in 0.358 seconds.[0m
notifying browser that file changed:  out/workout_tracker/core.js
Compiling build :dev to "main.js" from ["src"]...
[36m----  Compiler Warning on   src/workout_tracker/core.cljs   line:54  column:6  ----[0m

  [1mUse of undeclared Var workout-tracker.utils.dom/apply-filter[0m

  [36m50[0m  [36m  (let [tab-el        (.currentTarget evt)[0m
  [36m51[0m  [36m        when-kw       (keyword (.getAttribute tab-el "data-timeframe"))[0m
  [36m52[0m  [36m        workout-els   (array-seq (dom/by-selector-all "a.panel-block"))[0m
  [36m53[0m  [36m        filter-helper (fn [el] (in-timeframe when-kw "data-created_at" el))][0m
  [33m54[0m  [1m    (dom/apply-filter filter-helper workoutels)))[0m
  [0m  [0m  [33m     ^--- Use of undeclared Var workout-tracker.utils.dom/apply-filter[0m
  [36m55[0m  [36m[0m
  [36m56[0m  [36m(dom/listen-all! (dom/by-selector-all ".panel-tabs a")[0m
  [36m57[0m  [36m                 :click[0m
  [36m58[0m  [36m                 handle-date-filter)[0m

[36m----  Compiler Warning : Please see src/workout_tracker/core.cljs  ----[0m
[36m----  Compiler Warning on   src/workout_tracker/core.cljs   line:54  column:37  ----[0m

  [1mUse of undeclared Var workout-tracker.core/workoutels[0m

  [36m50[0m  [36m  (let [tab-el        (.currentTarget evt)[0m
  [36m51[0m  [36m        when-kw       (keyword (.getAttribute tab-el "data-timeframe"))[0m
  [36m52[0m  [36m        workout-els   (array-seq (dom/by-selector-all "a.panel-block"))[0m
  [36m53[0m  [36m        filter-helper (fn [el] (in-timeframe when-kw "data-created_at" el))][0m
  [33m54[0m  [1m    (dom/apply-filter filter-helper workoutels)))[0m
  [0m  [0m  [33m                                    ^--- Use of undeclared Var workout-tracker.core/workoutels[0m
  [36m55[0m  [36m[0m
  [36m56[0m  [36m(dom/listen-all! (dom/by-selector-all ".panel-tabs a")[0m
  [36m57[0m  [36m                 :click[0m
  [36m58[0m  [36m                 handle-date-filter)[0m

[36m----  Compiler Warning : Please see src/workout_tracker/core.cljs  ----[0m
[32mSuccessfully compiled build :dev to "main.js" in 0.348 seconds.[0m
notifying browser that file changed:  out/workout_tracker/utils/dom.js
Compiling build :dev to "main.js" from ["src"]...
[36m----  Compiler Warning on   src/workout_tracker/core.cljs   line:54  column:37  ----[0m

  [1mUse of undeclared Var workout-tracker.core/workoutels[0m

  [36m50[0m  [36m  (let [tab-el        (.currentTarget evt)[0m
  [36m51[0m  [36m        when-kw       (keyword (.getAttribute tab-el "data-timeframe"))[0m
  [36m52[0m  [36m        workout-els   (array-seq (dom/by-selector-all "a.panel-block"))[0m
  [36m53[0m  [36m        filter-helper (fn [el] (in-timeframe when-kw "data-created_at" el))][0m
  [33m54[0m  [1m    (dom/apply-filter filter-helper workoutels)))[0m
  [0m  [0m  [33m                                    ^--- Use of undeclared Var workout-tracker.core/workoutels[0m
  [36m55[0m  [36m[0m
  [36m56[0m  [36m(dom/listen-all! (dom/by-selector-all ".panel-tabs a")[0m
  [36m57[0m  [36m                 :click[0m
  [36m58[0m  [36m                 handle-date-filter)[0m

[36m----  Compiler Warning : Please see src/workout_tracker/core.cljs  ----[0m
[32mSuccessfully compiled build :dev to "main.js" in 0.416 seconds.[0m
notifying browser that file changed:  out/workout_tracker/utils/dom.js
Compiling build :dev to "main.js" from ["src"]...
[32mSuccessfully compiled build :dev to "main.js" in 0.275 seconds.[0m
notifying browser that file changed:  out/workout_tracker/core.js
Compiling build :dev to "main.js" from ["src"]...
[32mSuccessfully compiled build :dev to "main.js" in 0.276 seconds.[0m
notifying browser that file changed:  out/workout_tracker/core.js
Compiling build :dev to "main.js" from ["src"]...
[32mSuccessfully compiled build :dev to "main.js" in 0.283 seconds.[0m
notifying browser that file changed:  out/workout_tracker/core.js
Compiling build :dev to "main.js" from ["src"]...
[36m----  Compiler Warning on   src/workout_tracker/core.cljs   line:54  column:11  ----[0m

  [1mNo such namespace: json, could not locate json.cljs, json.cljc, or JavaScript source providing "json"[0m

  [36m50[0m  [36m  (let [tab-el        (.-currentTarget evt)[0m
  [36m51[0m  [36m        when-kw       (keyword (.getAttribute tab-el "data-timeframe"))[0m
  [36m52[0m  [36m        workout-els   (dom/by-selector-all "a.panel-block")[0m
  [36m53[0m  [36m        filter-helper (fn [el] (in-timeframe when-kw "data-created_at" el))][0m
  [33m54[0m  [1m    (.log json/console (str when-ky))[0m
  [0m  [0m  [33m          ^--- No such namespace: json, could not locate json.cljs, json.cljc, or JavaScript source providing "json"[0m
  [36m55[0m  [36m    (dom/apply-filter filter-helper workout-els)))[0m
  [36m56[0m  [36m[0m
  [36m57[0m  [36m(dom/listen-all! (dom/by-selector-all ".panel-tabs a")[0m
  [36m58[0m  [36m                 :click[0m
  [36m59[0m  [36m                 handle-date-filter)[0m

[36m----  Compiler Warning : Please see src/workout_tracker/core.cljs  ----[0m
[36m----  Compiler Warning on   src/workout_tracker/core.cljs   line:54  column:11  ----[0m

  [1mUse of undeclared Var json/console[0m

  [36m50[0m  [36m  (let [tab-el        (.-currentTarget evt)[0m
  [36m51[0m  [36m        when-kw       (keyword (.getAttribute tab-el "data-timeframe"))[0m
  [36m52[0m  [36m        workout-els   (dom/by-selector-all "a.panel-block")[0m
  [36m53[0m  [36m        filter-helper (fn [el] (in-timeframe when-kw "data-created_at" el))][0m
  [33m54[0m  [1m    (.log json/console (str when-ky))[0m
  [0m  [0m  [33m          ^--- Use of undeclared Var json/console[0m
  [36m55[0m  [36m    (dom/apply-filter filter-helper workout-els)))[0m
  [36m56[0m  [36m[0m
  [36m57[0m  [36m(dom/listen-all! (dom/by-selector-all ".panel-tabs a")[0m
  [36m58[0m  [36m                 :click[0m
  [36m59[0m  [36m                 handle-date-filter)[0m

[36m----  Compiler Warning : Please see src/workout_tracker/core.cljs  ----[0m
[36m----  Compiler Warning on   src/workout_tracker/core.cljs   line:54  column:29  ----[0m

  [1mUse of undeclared Var workout-tracker.core/when-ky[0m

  [36m50[0m  [36m  (let [tab-el        (.-currentTarget evt)[0m
  [36m51[0m  [36m        when-kw       (keyword (.getAttribute tab-el "data-timeframe"))[0m
  [36m52[0m  [36m        workout-els   (dom/by-selector-all "a.panel-block")[0m
  [36m53[0m  [36m        filter-helper (fn [el] (in-timeframe when-kw "data-created_at" el))][0m
  [33m54[0m  [1m    (.log json/console (str when-ky))[0m
  [0m  [0m  [33m                            ^--- Use of undeclared Var workout-tracker.core/when-ky[0m
  [36m55[0m  [36m    (dom/apply-filter filter-helper workout-els)))[0m
  [36m56[0m  [36m[0m
  [36m57[0m  [36m(dom/listen-all! (dom/by-selector-all ".panel-tabs a")[0m
  [36m58[0m  [36m                 :click[0m
  [36m59[0m  [36m                 handle-date-filter)[0m

[36m----  Compiler Warning : Please see src/workout_tracker/core.cljs  ----[0m
[32mSuccessfully compiled build :dev to "main.js" in 0.325 seconds.[0m
notifying browser that file changed:  out/workout_tracker/core.js
Compiling build :dev to "main.js" from ["src"]...
[36m----  Compiler Warning on   src/workout_tracker/core.cljs   line:54  column:27  ----[0m

  [1mUse of undeclared Var workout-tracker.core/when-ky[0m

  [36m50[0m  [36m  (let [tab-el        (.-currentTarget evt)[0m
  [36m51[0m  [36m        when-kw       (keyword (.getAttribute tab-el "data-timeframe"))[0m
  [36m52[0m  [36m        workout-els   (dom/by-selector-all "a.panel-block")[0m
  [36m53[0m  [36m        filter-helper (fn [el] (in-timeframe when-kw "data-created_at" el))][0m
  [33m54[0m  [1m    (.log js/console (str when-ky))[0m
  [0m  [0m  [33m                          ^--- Use of undeclared Var workout-tracker.core/when-ky[0m
  [36m55[0m  [36m    (dom/apply-filter filter-helper workout-els)))[0m
  [36m56[0m  [36m[0m
  [36m57[0m  [36m(dom/listen-all! (dom/by-selector-all ".panel-tabs a")[0m
  [36m58[0m  [36m                 :click[0m
  [36m59[0m  [36m                 handle-date-filter)[0m

[36m----  Compiler Warning : Please see src/workout_tracker/core.cljs  ----[0m
[32mSuccessfully compiled build :dev to "main.js" in 0.357 seconds.[0m
notifying browser that file changed:  out/workout_tracker/core.js
Compiling build :dev to "main.js" from ["src"]...
[32mSuccessfully compiled build :dev to "main.js" in 0.29 seconds.[0m
notifying browser that file changed:  out/workout_tracker/core.js
Compiling build :dev to "main.js" from ["src"]...
[32mSuccessfully compiled build :dev to "main.js" in 0.288 seconds.[0m
notifying browser that file changed:  out/workout_tracker/core.js
Compiling build :dev to "main.js" from ["src"]...
[32mSuccessfully compiled build :dev to "main.js" in 0.294 seconds.[0m
notifying browser that file changed:  out/workout_tracker/utils/dom.js
Compiling build :dev to "main.js" from ["src"]...
[32mSuccessfully compiled build :dev to "main.js" in 0.293 seconds.[0m
notifying browser that file changed:  out/workout_tracker/utils/dom.js
Compiling build :dev to "main.js" from ["src"]...
[32mSuccessfully compiled build :dev to "main.js" in 0.297 seconds.[0m
notifying browser that file changed:  out/workout_tracker/utils/dom.js
Compiling build :dev to "main.js" from ["src"]...
[32mSuccessfully compiled build :dev to "main.js" in 0.29 seconds.[0m
notifying browser that file changed:  out/workout_tracker/utils/dom.js
Compiling build :dev to "main.js" from ["src"]...
[32mSuccessfully compiled build :dev to "main.js" in 0.323 seconds.[0m
notifying browser that file changed:  out/workout_tracker/utils/dom.js
Compiling build :dev to "main.js" from ["src"]...
[32mSuccessfully compiled build :dev to "main.js" in 0.296 seconds.[0m
notifying browser that file changed:  out/workout_tracker/utils/dom.js
Compiling build :dev to "main.js" from ["src"]...
[32mSuccessfully compiled build :dev to "main.js" in 0.345 seconds.[0m
notifying browser that file changed:  out/goog/deps.js
notifying browser that file changed:  out/cljs_deps.js
notifying browser that file changed:  out/workout_tracker/utils/dom.js
Compiling build :dev to "main.js" from ["src"]...
[32mSuccessfully compiled build :dev to "main.js" in 0.361 seconds.[0m
notifying browser that file changed:  out/workout_tracker/utils/dom.js
Compiling build :dev to "main.js" from ["src"]...
[32mSuccessfully compiled build :dev to "main.js" in 0.312 seconds.[0m
notifying browser that file changed:  out/workout_tracker/utils/dom.js
Compiling build :dev to "main.js" from ["src"]...
[32mSuccessfully compiled build :dev to "main.js" in 0.301 seconds.[0m
notifying browser that file changed:  out/workout_tracker/utils/dom.js
Compiling build :dev to "main.js" from ["src"]...
[32mSuccessfully compiled build :dev to "main.js" in 0.322 seconds.[0m
notifying browser that file changed:  out/workout_tracker/utils/dom.js
Compiling build :dev to "main.js" from ["src"]...
[32mSuccessfully compiled build :dev to "main.js" in 0.302 seconds.[0m
notifying browser that file changed:  out/workout_tracker/utils/dom.js
Compiling build :dev to "main.js" from ["src"]...
[32mSuccessfully compiled build :dev to "main.js" in 0.297 seconds.[0m
notifying browser that file changed:  out/workout_tracker/utils/dom.js
Compiling build :dev to "main.js" from ["src"]...
[32mSuccessfully compiled build :dev to "main.js" in 0.415 seconds.[0m
notifying browser that file changed:  out/workout_tracker/utils/dom.js
Compiling build :dev to "main.js" from ["src"]...
[32mSuccessfully compiled build :dev to "main.js" in 0.301 seconds.[0m
notifying browser that file changed:  out/workout_tracker/utils/dom.js
Compiling build :dev to "main.js" from ["src"]...
[32mSuccessfully compiled build :dev to "main.js" in 0.304 seconds.[0m
notifying browser that file changed:  out/workout_tracker/utils/dom.js
Compiling build :dev to "main.js" from ["src"]...
[32mSuccessfully compiled build :dev to "main.js" in 0.287 seconds.[0m
notifying browser that file changed:  out/workout_tracker/core.js
Compiling build :dev to "main.js" from ["src"]...
[32mSuccessfully compiled build :dev to "main.js" in 0.28 seconds.[0m
notifying browser that file changed:  out/workout_tracker/core.js
Compiling build :dev to "main.js" from ["src"]...
[32mSuccessfully compiled build :dev to "main.js" in 0.283 seconds.[0m
notifying browser that file changed:  out/workout_tracker/core.js
Compiling build :dev to "main.js" from ["src"]...
[32mSuccessfully compiled build :dev to "main.js" in 0.286 seconds.[0m
notifying browser that file changed:  out/workout_tracker/core.js
Compiling build :dev to "main.js" from ["src"]...
[32mSuccessfully compiled build :dev to "main.js" in 0.323 seconds.[0m
notifying browser that file changed:  out/workout_tracker/utils/dom.js
Compiling build :dev to "main.js" from ["src"]...
[31mFailed to compile build :dev from ["src"] in 0.166 seconds.[0m
[36m----  Could not Read  src/workout_tracker/utils/dom.cljs   line:36 ----[0m

  [1m/home/default/dev/clojurescript-first/examples/workout_tracker/src/workout_tracker/utils/dom.cljs [line 36, col 1] Unexpected EOF while reading item 5 of list, starting at line 25 and column 1.[0m

[36m----  Reader Error : Please see src/workout_tracker/utils/dom.cljs  ----[0m
Compiling build :dev to "main.js" from ["src"]...
[32mSuccessfully compiled build :dev to "main.js" in 0.289 seconds.[0m
notifying browser that file changed:  out/workout_tracker/utils/dom.js
Compiling build :dev to "main.js" from ["src"]...
[32mSuccessfully compiled build :dev to "main.js" in 0.308 seconds.[0m
notifying browser that file changed:  out/workout_tracker/utils/dom.js
Compiling build :dev to "main.js" from ["src"]...
[32mSuccessfully compiled build :dev to "main.js" in 0.297 seconds.[0m
notifying browser that file changed:  out/workout_tracker/utils/dom.js
Compiling build :dev to "main.js" from ["src"]...
[32mSuccessfully compiled build :dev to "main.js" in 0.299 seconds.[0m
notifying browser that file changed:  out/workout_tracker/utils/dom.js
Compiling build :dev to "main.js" from ["src"]...
[32mSuccessfully compiled build :dev to "main.js" in 0.29 seconds.[0m
notifying browser that file changed:  out/workout_tracker/core.js
Compiling build :dev to "main.js" from ["src"]...
[32mSuccessfully compiled build :dev to "main.js" in 0.35 seconds.[0m
notifying browser that file changed:  out/workout_tracker/core.js
Compiling build :dev to "main.js" from ["src"]...
[32mSuccessfully compiled build :dev to "main.js" in 0.294 seconds.[0m
notifying browser that file changed:  out/workout_tracker/utils/dom.js
Compiling build :dev to "main.js" from ["src"]...
[32mSuccessfully compiled build :dev to "main.js" in 0.293 seconds.[0m
notifying browser that file changed:  out/workout_tracker/utils/dom.js
Compiling build :dev to "main.js" from ["src"]...
[36m----  Compiler Warning on   src/workout_tracker/utils/dom.cljs   line:30  column:31  ----[0m

  [1mUse of undeclared Var workout-tracker.utils.dom/length[0m

  [36m26[0m  [36m"Hide elements in `els` that fail when `predicate` applied, else show."[0m
  [36m27[0m  [36m(doseq [el els][0m
  [36m28[0m  [36m  (do[0m
  [36m29[0m  [36m    (prn (str "first el" (first els)))[0m
  [33m30[0m  [1m    (prn (str "remaining " (length els)))[0m
  [0m  [0m  [33m                            ^--- Use of undeclared Var workout-tracker.utils.dom/length[0m
  [36m31[0m  [36m    #_(if (predicate el)[0m
  [36m32[0m  [36m      (.add (.-classList el) "is-invisible")[0m
  [36m33[0m  [36m      (.remove (.-classList el) "is-invisible")))[0m
  [36m34[0m  [36m  ))[0m

[36m----  Compiler Warning : Please see src/workout_tracker/utils/dom.cljs  ----[0m
[36m----  Compiler Warning on   src/workout_tracker/utils/dom.cljs   line:30  column:31  ----[0m

  [1mUse of undeclared Var workout-tracker.utils.dom/length[0m

  [36m26[0m  [36m"Hide elements in `els` that fail when `predicate` applied, else show."[0m
  [36m27[0m  [36m(doseq [el els][0m
  [36m28[0m  [36m  (do[0m
  [36m29[0m  [36m    (prn (str "first el" (first els)))[0m
  [33m30[0m  [1m    (prn (str "remaining " (length els)))[0m
  [0m  [0m  [33m                            ^--- Use of undeclared Var workout-tracker.utils.dom/length[0m
  [36m31[0m  [36m    #_(if (predicate el)[0m
  [36m32[0m  [36m      (.add (.-classList el) "is-invisible")[0m
  [36m33[0m  [36m      (.remove (.-classList el) "is-invisible")))[0m
  [36m34[0m  [36m  ))[0m

[36m----  Compiler Warning : Please see src/workout_tracker/utils/dom.cljs  ----[0m
[32mSuccessfully compiled build :dev to "main.js" in 0.418 seconds.[0m
notifying browser that file changed:  out/workout_tracker/utils/dom.js
Compiling build :dev to "main.js" from ["src"]...
[32mSuccessfully compiled build :dev to "main.js" in 0.304 seconds.[0m
notifying browser that file changed:  out/workout_tracker/utils/dom.js
Compiling build :dev to "main.js" from ["src"]...
[32mSuccessfully compiled build :dev to "main.js" in 0.323 seconds.[0m
notifying browser that file changed:  out/workout_tracker/utils/dom.js
Compiling build :dev to "main.js" from ["src"]...
[32mSuccessfully compiled build :dev to "main.js" in 0.3 seconds.[0m
notifying browser that file changed:  out/workout_tracker/utils/dom.js
Compiling build :dev to "main.js" from ["src"]...
[32mSuccessfully compiled build :dev to "main.js" in 0.301 seconds.[0m
notifying browser that file changed:  out/workout_tracker/utils/dom.js
Compiling build :dev to "main.js" from ["src"]...
[32mSuccessfully compiled build :dev to "main.js" in 0.294 seconds.[0m
notifying browser that file changed:  out/workout_tracker/utils/dom.js
Compiling build :dev to "main.js" from ["src"]...
[32mSuccessfully compiled build :dev to "main.js" in 0.3 seconds.[0m
notifying browser that file changed:  out/workout_tracker/utils/dom.js
Compiling build :dev to "main.js" from ["src"]...
[32mSuccessfully compiled build :dev to "main.js" in 0.292 seconds.[0m
notifying browser that file changed:  out/workout_tracker/core.js
Compiling build :dev to "main.js" from ["src"]...
[32mSuccessfully compiled build :dev to "main.js" in 0.287 seconds.[0m
notifying browser that file changed:  out/workout_tracker/utils/dom.js
Compiling build :dev to "main.js" from ["src"]...
[32mSuccessfully compiled build :dev to "main.js" in 0.321 seconds.[0m
notifying browser that file changed:  out/workout_tracker/utils/dom.js
Compiling build :dev to "main.js" from ["src"]...
[32mSuccessfully compiled build :dev to "main.js" in 0.309 seconds.[0m
notifying browser that file changed:  out/workout_tracker/utils/dom.js
Compiling build :dev to "main.js" from ["src"]...
[32mSuccessfully compiled build :dev to "main.js" in 0.329 seconds.[0m
notifying browser that file changed:  out/workout_tracker/utils/dom.js
Compiling build :dev to "main.js" from ["src"]...
[32mSuccessfully compiled build :dev to "main.js" in 0.294 seconds.[0m
notifying browser that file changed:  out/workout_tracker/utils/dom.js
Compiling build :dev to "main.js" from ["src"]...
[32mSuccessfully compiled build :dev to "main.js" in 0.304 seconds.[0m
notifying browser that file changed:  out/workout_tracker/utils/dom.js
Compiling build :dev to "main.js" from ["src"]...
[32mSuccessfully compiled build :dev to "main.js" in 0.367 seconds.[0m
notifying browser that file changed:  out/workout_tracker/core.js
Compiling build :dev to "main.js" from ["src"]...
[32mSuccessfully compiled build :dev to "main.js" in 0.311 seconds.[0m
notifying browser that file changed:  out/workout_tracker/utils/dom.js
Compiling build :dev to "main.js" from ["src"]...
[32mSuccessfully compiled build :dev to "main.js" in 0.322 seconds.[0m
notifying browser that file changed:  out/workout_tracker/utils/dom.js
Compiling build :dev to "main.js" from ["src"]...
[32mSuccessfully compiled build :dev to "main.js" in 0.307 seconds.[0m
notifying browser that file changed:  out/workout_tracker/utils/dom.js
Compiling build :dev to "main.js" from ["src"]...
[32mSuccessfully compiled build :dev to "main.js" in 0.301 seconds.[0m
notifying browser that file changed:  out/workout_tracker/core.js
Compiling build :dev to "main.js" from ["src"]...
[32mSuccessfully compiled build :dev to "main.js" in 0.3 seconds.[0m
notifying browser that file changed:  out/workout_tracker/core.js
Compiling build :dev to "main.js" from ["src"]...
[32mSuccessfully compiled build :dev to "main.js" in 0.302 seconds.[0m
notifying browser that file changed:  out/workout_tracker/utils/dom.js
Compiling build :dev to "main.js" from ["src"]...
[32mSuccessfully compiled build :dev to "main.js" in 0.304 seconds.[0m
notifying browser that file changed:  out/workout_tracker/core.js
